0 info it worked if it ends with ok
1 verbose cli [ 'node', '/usr/local/bin/npm', 'install', '-g', 'brunch' ]
2 info using npm@2.5.1
3 info using node@v0.12.0
4 silly cache add args [ 'brunch', null ]
5 verbose cache add spec brunch
6 silly cache add parsed spec { raw: 'brunch',
6 silly cache add   scope: null,
6 silly cache add   name: 'brunch',
6 silly cache add   rawSpec: '',
6 silly cache add   spec: '*',
6 silly cache add   type: 'range' }
7 verbose addNamed brunch@*
8 silly addNamed semver.valid null
9 silly addNamed semver.validRange *
10 silly addNameRange { name: 'brunch', range: '*', hasData: false }
11 silly mapToRegistry name brunch
12 silly mapToRegistry using default registry
13 silly mapToRegistry registry https://registry.npmjs.org/
14 silly mapToRegistry uri https://registry.npmjs.org/brunch
15 verbose addNameRange registry:https://registry.npmjs.org/brunch not in flight; fetching
16 verbose request uri https://registry.npmjs.org/brunch
17 verbose request no auth needed
18 info attempt registry request try #1 at 4:06:20 PM
19 verbose request id a4f666800d910393
20 http request GET https://registry.npmjs.org/brunch
21 http 200 https://registry.npmjs.org/brunch
22 silly get cb [ 200,
22 silly get   { server: 'CouchDB/1.5.0 (Erlang OTP/R16B03)',
22 silly get     etag: '"54739Z8Y32U47MPUWP389WYJX"',
22 silly get     'content-type': 'application/json',
22 silly get     'cache-control': 'max-age=300',
22 silly get     'content-length': '211281',
22 silly get     'accept-ranges': 'bytes',
22 silly get     date: 'Thu, 17 Mar 2016 16:06:20 GMT',
22 silly get     via: '1.1 varnish',
22 silly get     age: '12',
22 silly get     connection: 'keep-alive',
22 silly get     'x-served-by': 'cache-ams4125-AMS',
22 silly get     'x-cache': 'HIT',
22 silly get     'x-cache-hits': '1',
22 silly get     'x-timer': 'S1458230780.770676,VS0,VE0',
22 silly get     vary: 'Accept' } ]
23 verbose get saving brunch to /Users/John/.npm/registry.npmjs.org/brunch/.cache.json
24 silly addNameRange number 2 { name: 'brunch', range: '*', hasData: true }
25 silly addNameRange versions [ 'brunch',
25 silly addNameRange   [ '0.0.1',
25 silly addNameRange     '0.0.2',
25 silly addNameRange     '0.0.3',
25 silly addNameRange     '0.0.4',
25 silly addNameRange     '0.0.5',
25 silly addNameRange     '0.0.6',
25 silly addNameRange     '0.0.7',
25 silly addNameRange     '0.0.8',
25 silly addNameRange     '0.1.0',
25 silly addNameRange     '0.1.1',
25 silly addNameRange     '0.1.3',
25 silly addNameRange     '0.1.4',
25 silly addNameRange     '0.1.5',
25 silly addNameRange     '0.1.6',
25 silly addNameRange     '0.1.7',
25 silly addNameRange     '0.1.8',
25 silly addNameRange     '0.1.9',
25 silly addNameRange     '0.2.0',
25 silly addNameRange     '0.2.1',
25 silly addNameRange     '0.2.2',
25 silly addNameRange     '0.2.3',
25 silly addNameRange     '0.2.4',
25 silly addNameRange     '0.2.6',
25 silly addNameRange     '0.2.7',
25 silly addNameRange     '0.2.8',
25 silly addNameRange     '0.3.0',
25 silly addNameRange     '0.3.1',
25 silly addNameRange     '0.3.2',
25 silly addNameRange     '0.3.4',
25 silly addNameRange     '0.3.5',
25 silly addNameRange     '0.3.6',
25 silly addNameRange     '0.3.7',
25 silly addNameRange     '0.4.0',
25 silly addNameRange     '0.4.1',
25 silly addNameRange     '0.4.2',
25 silly addNameRange     '0.4.3',
25 silly addNameRange     '0.4.4',
25 silly addNameRange     '0.4.5',
25 silly addNameRange     '0.5.1',
25 silly addNameRange     '0.5.2',
25 silly addNameRange     '0.5.3',
25 silly addNameRange     '0.5.4',
25 silly addNameRange     '0.5.5',
25 silly addNameRange     '0.5.6',
25 silly addNameRange     '0.6.0',
25 silly addNameRange     '0.6.1',
25 silly addNameRange     '0.6.2',
25 silly addNameRange     '0.7.0',
25 silly addNameRange     '0.7.1',
25 silly addNameRange     '0.7.2',
25 silly addNameRange     '0.7.3',
25 silly addNameRange     '0.7.4',
25 silly addNameRange     '0.8.0',
25 silly addNameRange     '0.8.1',
25 silly addNameRange     '0.9.0-beta1',
25 silly addNameRange     '0.9.0',
25 silly addNameRange     '0.9.1',
25 silly addNameRange     '1.0.0',
25 silly addNameRange     '1.0.1',
25 silly addNameRange     '1.0.2',
25 silly addNameRange     '1.0.3',
25 silly addNameRange     '1.1.0',
25 silly addNameRange     '1.1.1',
25 silly addNameRange     '1.1.2',
25 silly addNameRange     '1.2.0',
25 silly addNameRange     '1.2.1',
25 silly addNameRange     '1.2.2',
25 silly addNameRange     '1.3.0',
25 silly addNameRange     '1.3.1',
25 silly addNameRange     '1.3.2',
25 silly addNameRange     '1.3.3',
25 silly addNameRange     '1.3.4',
25 silly addNameRange     '1.4.0',
25 silly addNameRange     '1.4.1',
25 silly addNameRange     '1.4.2',
25 silly addNameRange     '1.4.3',
25 silly addNameRange     '1.4.4',
25 silly addNameRange     '1.4.5',
25 silly addNameRange     '1.5.0',
25 silly addNameRange     '1.5.1',
25 silly addNameRange     '1.5.2',
25 silly addNameRange     '1.5.3',
25 silly addNameRange     '1.5.4',
25 silly addNameRange     '1.6.0',
25 silly addNameRange     '1.6.1',
25 silly addNameRange     '1.6.2',
25 silly addNameRange     '1.6.3',
25 silly addNameRange     '1.6.4',
25 silly addNameRange     '1.6.5',
25 silly addNameRange     '1.6.6',
25 silly addNameRange     '1.6.7',
25 silly addNameRange     '1.7.0',
25 silly addNameRange     '1.7.1',
25 silly addNameRange     '1.7.2',
25 silly addNameRange     '1.7.3',
25 silly addNameRange     '1.7.4',
25 silly addNameRange     '1.7.5',
25 silly addNameRange     '1.7.6',
25 silly addNameRange     '1.7.7',
25 silly addNameRange     '1.7.8',
25 silly addNameRange     '1.7.9',
25 silly addNameRange     '1.7.10',
25 silly addNameRange     '1.7.12',
25 silly addNameRange     '1.7.13',
25 silly addNameRange     '1.7.14',
25 silly addNameRange     '1.7.15',
25 silly addNameRange     '1.7.16',
25 silly addNameRange     '1.7.17',
25 silly addNameRange     '1.7.18',
25 silly addNameRange     '1.7.19',
25 silly addNameRange     '1.7.20',
25 silly addNameRange     '1.8.0',
25 silly addNameRange     '1.8.1',
25 silly addNameRange     '1.8.2',
25 silly addNameRange     '1.8.3',
25 silly addNameRange     '1.8.4',
25 silly addNameRange     '1.8.5',
25 silly addNameRange     '2.0.0',
25 silly addNameRange     '2.0.1',
25 silly addNameRange     '2.0.2',
25 silly addNameRange     '2.0.3',
25 silly addNameRange     '2.0.4',
25 silly addNameRange     '2.1.0',
25 silly addNameRange     '2.1.1',
25 silly addNameRange     '2.1.2',
25 silly addNameRange     '2.1.3',
25 silly addNameRange     '2.2.0',
25 silly addNameRange     '2.2.1',
25 silly addNameRange     '2.2.2',
25 silly addNameRange     '2.2.3',
25 silly addNameRange     '2.3.0',
25 silly addNameRange     '2.3.1',
25 silly addNameRange     '2.3.2',
25 silly addNameRange     '2.4.0',
25 silly addNameRange     '2.4.1',
25 silly addNameRange     '2.4.2',
25 silly addNameRange     '2.5.0-pre',
25 silly addNameRange     '2.5.0' ] ]
26 verbose addNamed brunch@2.5.0
27 silly addNamed semver.valid 2.5.0
28 silly addNamed semver.validRange 2.5.0
29 silly mapToRegistry name brunch
30 silly mapToRegistry using default registry
31 silly mapToRegistry registry https://registry.npmjs.org/
32 silly mapToRegistry uri https://registry.npmjs.org/brunch
33 verbose addRemoteTarball https://registry.npmjs.org/brunch/-/brunch-2.5.0.tgz not in flight; adding
34 verbose addRemoteTarball [ 'https://registry.npmjs.org/brunch/-/brunch-2.5.0.tgz',
34 verbose addRemoteTarball   '2e932ecb3fb11b1cf863f3dd38da2f9bf985ecb6' ]
35 info retry fetch attempt 1 at 4:06:22 PM
36 info attempt registry request try #1 at 4:06:22 PM
37 http fetch GET https://registry.npmjs.org/brunch/-/brunch-2.5.0.tgz
38 http fetch 200 https://registry.npmjs.org/brunch/-/brunch-2.5.0.tgz
39 silly fetchAndShaCheck shasum 2e932ecb3fb11b1cf863f3dd38da2f9bf985ecb6
40 verbose addTmpTarball /var/folders/cm/wbl0zx5d08lbm0mkfhvg9pxr0000gn/T/npm-17016-a3171979/registry.npmjs.org/brunch/-/brunch-2.5.0.tgz not in flight; adding
41 verbose addTmpTarball already have metadata; skipping unpack for brunch@2.5.0
42 silly cache afterAdd brunch@2.5.0
43 verbose afterAdd /Users/John/.npm/brunch/2.5.0/package/package.json not in flight; writing
44 verbose afterAdd /Users/John/.npm/brunch/2.5.0/package/package.json written
45 silly install resolved [ { name: 'brunch',
45 silly install resolved     description: 'A lightweight approach to building HTML5 applications with emphasis on elegance and simplicity',
45 silly install resolved     version: '2.5.0',
45 silly install resolved     keywords:
45 silly install resolved      [ 'assembler',
45 silly install resolved        'builder',
45 silly install resolved        'stack',
45 silly install resolved        'chaplin',
45 silly install resolved        'backbone',
45 silly install resolved        'ember',
45 silly install resolved        'angular',
45 silly install resolved        'html5' ],
45 silly install resolved     homepage: 'http://brunch.io/',
45 silly install resolved     author: { name: 'Brunch team', url: 'http://brunch.io' },
45 silly install resolved     repository: { type: 'git', url: 'git+https://github.com/brunch/brunch.git' },
45 silly install resolved     bugs: { url: 'http://github.com/brunch/brunch/issues' },
45 silly install resolved     license: 'MIT',
45 silly install resolved     main: './lib/index',
45 silly install resolved     files: [ 'bin', 'lib' ],
45 silly install resolved     bin: { brunch: './bin/brunch' },
45 silly install resolved     scripts: { test: 'eslint lib test && ava' },
45 silly install resolved     engines: { node: '>= 4.0', npm: '>= 3.0' },
45 silly install resolved     preferGlobal: true,
45 silly install resolved     dependencies:
45 silly install resolved      { anymatch: '~1.3.0',
45 silly install resolved        anysort: '~1.0.0',
45 silly install resolved        'check-dependencies': '~0.12.0',
45 silly install resolved        chokidar: '~1.4.0',
45 silly install resolved        'coffee-script': '~1.10.0',
45 silly install resolved        commander: '~2.9.0',
45 silly install resolved        'commonjs-require-definition': '~0.4.1',
45 silly install resolved        debug: '~2.2.0',
45 silly install resolved        'deep-assign': '^2.0.0',
45 silly install resolved        deppack: '~0.2.0',
45 silly install resolved        fcache: '~0.1.0',
45 silly install resolved        'init-skeleton': '~0.9.0',
45 silly install resolved        loggy: '~0.3.0',
45 silly install resolved        'micro-promisify': '~0.1.0',
45 silly install resolved        mkdirp: '~0.5.0',
45 silly install resolved        'quickly-copy-file': '~1.0.0',
45 silly install resolved        'read-components': '~0.7.0',
45 silly install resolved        'serve-brunch': '~0.1.0',
45 silly install resolved        'since-app-start': '~0.1.0',
45 silly install resolved        'source-map': '~0.5.0' },
45 silly install resolved     devDependencies: { ava: '^0.13.0', eslint: '^2.0.0', rewire: '^2.5.0' },
45 silly install resolved     gitHead: '34508f3f90ccdf3460cb257944c480e18387d3dc',
45 silly install resolved     _id: 'brunch@2.5.0',
45 silly install resolved     _shasum: '2e932ecb3fb11b1cf863f3dd38da2f9bf985ecb6',
45 silly install resolved     _from: 'brunch@*',
45 silly install resolved     _npmVersion: '3.6.0',
45 silly install resolved     _nodeVersion: '5.7.1',
45 silly install resolved     _npmUser: { name: 'paulmillr', email: 'paul@paulmillr.com' },
45 silly install resolved     maintainers: [ [Object], [Object], [Object], [Object] ],
45 silly install resolved     dist:
45 silly install resolved      { shasum: '2e932ecb3fb11b1cf863f3dd38da2f9bf985ecb6',
45 silly install resolved        tarball: 'http://registry.npmjs.org/brunch/-/brunch-2.5.0.tgz' },
45 silly install resolved     _npmOperationalInternal:
45 silly install resolved      { host: 'packages-13-west.internal.npmjs.com',
45 silly install resolved        tmp: 'tmp/brunch-2.5.0.tgz_1458139063324_0.42926187813282013' },
45 silly install resolved     directories: {},
45 silly install resolved     _resolved: 'https://registry.npmjs.org/brunch/-/brunch-2.5.0.tgz' } ]
46 info install brunch@2.5.0 into /usr/local/lib
47 info installOne brunch@2.5.0
48 verbose installOne of brunch to /usr/local/lib not in flight; installing
49 verbose lock using /Users/John/.npm/_locks/brunch-1fa3e9be57108862.lock for /usr/local/lib/node_modules/brunch
50 warn engine brunch@2.5.0: wanted: {"node":">= 4.0","npm":">= 3.0"} (current: {"node":"0.12.0","npm":"2.5.1"})
51 silly install write writing brunch 2.5.0 to /usr/local/lib/node_modules/brunch
52 silly cache addNamed cb brunch@2.5.0
53 verbose unbuild lib/node_modules/brunch
54 verbose gentlyRm vacuuming /usr/local/lib/node_modules/brunch
55 verbose tar unpack /Users/John/.npm/brunch/2.5.0/package.tgz
56 verbose tar unpacking to /usr/local/lib/node_modules/brunch
57 verbose gentlyRm vacuuming /usr/local/lib/node_modules/brunch
58 silly gunzTarPerm modes [ '755', '644' ]
59 error tar.unpack untar error /Users/John/.npm/brunch/2.5.0/package.tgz
60 verbose unlock done using /Users/John/.npm/_locks/brunch-1fa3e9be57108862.lock for /usr/local/lib/node_modules/brunch
61 verbose fstream_path /usr/local/lib/node_modules/brunch
62 verbose fstream_type Directory
63 verbose fstream_class DirWriter
64 verbose stack Error: EACCES, mkdir '/usr/local/lib/node_modules/brunch'
64 verbose stack     at Error (native)
65 verbose fstream_stack /usr/local/lib/node_modules/npm/node_modules/fstream/lib/dir-writer.js:36:23
65 verbose fstream_stack /usr/local/lib/node_modules/npm/node_modules/mkdirp/index.js:46:53
65 verbose fstream_stack FSReqWrap.oncomplete (fs.js:99:15)
66 verbose cwd /Users/John/Documents/www/jekyll
67 error Darwin 14.0.0
68 error argv "node" "/usr/local/bin/npm" "install" "-g" "brunch"
69 error node v0.12.0
70 error npm  v2.5.1
71 error path /usr/local/lib/node_modules/brunch
72 error code EACCES
73 error errno -13
74 error Error: EACCES, mkdir '/usr/local/lib/node_modules/brunch'
74 error     at Error (native)
74 error  { [Error: EACCES, mkdir '/usr/local/lib/node_modules/brunch']
74 error   errno: -13,
74 error   code: 'EACCES',
74 error   path: '/usr/local/lib/node_modules/brunch',
74 error   fstream_type: 'Directory',
74 error   fstream_path: '/usr/local/lib/node_modules/brunch',
74 error   fstream_class: 'DirWriter',
74 error   fstream_stack:
74 error    [ '/usr/local/lib/node_modules/npm/node_modules/fstream/lib/dir-writer.js:36:23',
74 error      '/usr/local/lib/node_modules/npm/node_modules/mkdirp/index.js:46:53',
74 error      'FSReqWrap.oncomplete (fs.js:99:15)' ] }
75 error Please try running this command again as root/Administrator.
76 verbose exit [ -13, true ]
77 verbose unbuild lib/node_modules/brunch
78 verbose gentlyRm vacuuming /usr/local/lib/node_modules/brunch
